2022-08-02 15:06:11.583258 [guppy/message] ONT Guppy basecalling software version 4.4.1+1c81d6233
config file:        ont-guppy-cpu/data/dna_r10_450bps_fast.cfg
model file:         /Users/romain/Desktop/Cours equateur sur NANOPORE /PUCE/SESSION_1/ont-guppy-cpu/data/template_r10_450bps_fast.jsn
input path:         .
save path:          guppy_read
chunk size:         2000
chunks per runner:  160
records per file:   4000
num basecallers:    1
cpu mode:           ON
threads per caller: 4

2022-08-02 15:06:11.585139 [guppy/info] crashpad_handler not supported on this platform.
2022-08-02 15:06:11.726681 [guppy/message] Found 1 fast5 files to process.
2022-08-02 15:06:11.726949 [guppy/message] Init time: 140 ms
2022-08-02 15:06:11.734512 [guppy/info] Read '003f003d-a943-48b6-bf18-31f89f9fbed6' from file "read.fast5" has been loaded.
2022-08-02 15:06:11.734744 [guppy/info] Dispatched batch 0 containing 1 inputs:
2022-08-02 15:06:11.734810 [guppy/info] Batch input 0 : ./read.fast5
2022-08-02 15:06:11.927365 [guppy/info] Read '003f003d-a943-48b6-bf18-31f89f9fbed6' from file "read.fast5" completed.
2022-08-02 15:06:11.928428 [guppy/info] Completed batch 0
2022-08-02 15:06:11.934154 [guppy/message] Caller time: 207 ms, Samples called: 24028, samples/s: 116077
2022-08-02 15:06:11.934271 [guppy/message] Finishing up any open output files.
2022-08-02 15:06:13.832733 [guppy/message] Basecalling completed successfully.
